<?xml version="1.0" encoding="UTF-8"?>
<testsuite xmlns:xsi="http://www.w3.org/2001/XMLSchema-instance" xsi:noNamespaceSchemaLocation="https://maven.apache.org/surefire/maven-surefire-plugin/xsd/surefire-test-report-3.0.xsd" version="3.0" name="AccountConcurrencyIntegrationTest" time="0.297" tests="2" errors="0" skipped="0" failures="0">
  <properties>
[...]
</properties>
  <testcase name="concurrentWithdrawals_shouldOnlyAllowOne" classname="AccountConcurrencyIntegrationTest" time="0.108">
    <system-out><![CDATA[🧾 Final balance after concurrent withdrawals: 200,00
]]></system-out>
  </testcase>
  <testcase name="concurrentDeposits_shouldBothSucceedAndUpdateBalance" classname="AccountConcurrencyIntegrationTest" time="0.146">
    <system-out><![CDATA[💰 Final balance after concurrent deposits: 2000,00
]]></system-out>
  </testcase>
</testsuite>